<?xml version="1.0" encoding="UTF-8"?>
<testng-results ignored="0" total="2" passed="2" failed="0" skipped="0">
  <reporter-output>
  </reporter-output>
  <suite started-at="2022-06-30T13:31:11 IST" name="Default suite" finished-at="2022-06-30T13:31:11 IST" duration-ms="586">
    <groups>
    </groups>
    <test started-at="2022-06-30T13:31:11 IST" name="Default test" finished-at="2022-06-30T13:31:11 IST" duration-ms="586">
      <class name="swaglab.SwagLabTest">
        <test-method signature="test1(utils.ExcelReader)[pri:0, instance:swaglab.SwagLabTest@5d534f5d]" started-at="2022-06-30T13:31:11 IST" name="test1" data-provider="automation" finished-at="2022-06-30T13:31:11 IST" duration-ms="5" status="PASS">
          <params>
            <param index="0">
              <value>
                <![CDATA[utils.ExcelReader@407cf41]]>
              </value>
            </param>
          </params>
          <reporter-output>
          </reporter-output>
        </test-method> <!-- test1 -->
        <test-method signature="test1(utils.ExcelReader)[pri:0, instance:swaglab.SwagLabTest@5d534f5d]" started-at="2022-06-30T13:31:11 IST" name="test1" data-provider="automation" finished-at="2022-06-30T13:31:11 IST" duration-ms="0" status="PASS">
          <params>
            <param index="0">
              <value>
                <![CDATA[utils.ExcelReader@37cd92d6]]>
              </value>
            </param>
          </params>
          <reporter-output>
          </reporter-output>
        </test-method> <!-- test1 -->
      </class> <!-- swaglab.SwagLabTest -->
    </test> <!-- Default test -->
  </suite> <!-- Default suite -->
</testng-results>
